<?xml version="1.0" encoding="UTF-8" ?>
<testsuites>
  <testsuite errors="0" failures="0" hostname="linuxzanotti" id="0" name="SalaryTest" package="salary" skipped="0" tests="10" time="0.118" timestamp="2022-02-03T14:00:18">
      <properties>
[...]
</properties>

      <testcase classname="salary.SalaryTest" name="testGrossSalary1" time="0.002" />

      <testcase classname="salary.SalaryTest" name="testGrossSalary2" time="0.0" />

      <testcase classname="salary.SalaryTest" name="testPrintScreen1" time="0.001" />

      <testcase classname="salary.SalaryTest" name="testPrintScreen2" time="0.001" />

      <testcase classname="salary.SalaryTest" name="testMain1" time="0.008" />

      <testcase classname="salary.SalaryTest" name="testMain2" time="0.004" />

      <testcase classname="salary.SalaryTest" name="testNetSalary1" time="0.0" />

      <testcase classname="salary.SalaryTest" name="testNetSalary2" time="0.0" />

      <testcase classname="salary.SalaryTest" name="testInput1" time="0.004" />

      <testcase classname="salary.SalaryTest" name="testInput2" time="0.002" />

      <system-out><![CDATA[grossSalary
grossSalary
printScreen
Salary statement
Hourly wage: 30.40
Hours worked: 184.12
Gross salary: 5597.25
Net salary: 5037.52
printScreen
Salary statement
Hourly wage: 12.40
Hours worked: 50.00
Gross salary: 620.00
Net salary: 600.00
main
Hourly wage:
Hours per month:
INSS:
Salary statement
Hourly wage: 17.02
Hours worked: 80.00
Gross salary: 1361.60
Net salary: 1293.52
main
Hourly wage:
Hours per month:
INSS:
Salary statement
Hourly wage: 10.20
Hours worked: 140.50
Gross salary: 1433.10
Net salary: 1218.14
netSalary
netSalary
input
Hourly wage:
Hours per month:
INSS:
input
Hourly wage:
Hours per month:
INSS:
]]></system-out>

      <system-err><![CDATA[]]></system-err>

  </testsuite>
</testsuites>
